1669982206387:describe account
1669989053020:sign in privilaged admin admin
1669989112739:sign in privilaged -admin - admin
1669989146929:sign in privileged admin admin
1669989523727:exit
1669989619589:sign in privileged admin admin
1669989627328:list movies
1669989676237:sign in privileged admin admin
1669989680654:log out
1669989683183:sign out
1669989692185:describe account
1669989701409:sign in privileged admin dsa
1669989710155:sign in privilegd admin admin
1669989722348:sign in privileged admin admin
1669989729368:describe account
1669989755384:list movies
1669989793842:create movie anyad profanity 69
1669989841572:create movie apad blessing 420
1669989847257:list movies
1669989901788:update movie apad kekw 489
1669989906490:list movies
1669989923696:create movie lol hah 11
1669989929593:delete movie lol
1669989934273:list movies
1669989988900:create room BigRoom 21 20
1669990056236:create room SmallRoom 23 3
1669990070138:list rooms
1669990082694:list room
1669990317499:update room SmallRoom 23 4
1669990322296:list room
1669990337700:update room SmallRoom 23 3
1669990487114:create kekw asd 2 14
1669990497972:create room kekw asd 2 14
1669990509779:create room kekw 2 14
1669990518900:create room kekw 2 15
1669990525217:delete room kekw
1669990547554:list screenings
1669990626821:create screening anyad BigRoom "2001-02-11 23:11:11"
1669990644299:list screenings
1669990688928:delete screening anyad BigRoom "2001-02-11 23:11:11"
1669990694709:list screenings
1669990717273:log out
1669990720089:sign out
1669990723564:exit
1670000943877:sign in privileged admin admin
1670000954178:list screenings
1670000971810:list movies
1670000992230:create movie movie movie 123
1670001003403:create room room 12 32
1670001032308:create screening movie room "2001-12-14 23:11:22"
1670001038642:list screenings
1670001059791:delete screening movie room "2001-12-14 11:11"
1670001106316:delete screening movie room "2001-12-14 23:11:22"
1670001113385:list screenings
1670006492968:sign in privileged admin admin
1670006513895:create movie movie genre 12
1670006524855:create room room 12 53
1670006565057:create screening movie room "2012-12-12 23:15:00"
1670006581062:list screenings
1670006626515:delete screening movie room "2012-12-12 23:15:00"
1670006637206:list screenings
1670006765501:list movies
1670006807793:create screening movie room "2012-12-12 23:10:00"
1670007349146:sign in privileged admin admin
1670007357536:create movie movie genre 12
1670007372560:create room room 12 54
1670007403147:create screening movie room "2020-12-12 23:12:00"
1670007430978:create screening movie room "2020-12-12 23:13:00"
1670007898801:create screening movie room "2012-12-12 23:23:00"
1670008118736:sign in privileged admin admin
1670008126112:create movie genre 12
1670008138311:create movie movie genre 12
1670008149760:create room room 12 32
1670008177616:create screening movie room "2012-12-12 23:12:00"
1670008199477:create screening movie room "2020-12-12 23:12:00"
1670008232275:create screening movie room "2012-12-12 23:13:00"
1670008246642:create screening movie room "2012-12-12 23:11:00"
1670008266353:create screening movie room "2012-12-12 23:01:00"
1670008273201:create screening movie room "2012-12-12 23:00:00"
1670008289137:create screening movie room "2012-12-12 22:50:00"
1670008450024:create screening movie room "2012-12-12 23:25:00"
1670008520582:list screenings
1670008554241:create screening movie room "2012-12-12 23:12:00"
1670008619759:list screenings
1670008622784:create screening movie room "2012-12-12 23:12:00"
1670008639688:delete screening movie room "2012-12-12 23:12:00"
1670008660728:list screenings
1670008677936:create screening movie room "2012-12-12 23:12:00"
1670008691641:create screening movie room "2012-12-12 23:10:00"
1670008700712:create screening movie room "2012-12-12 23:03:00"
1670008706514:Ticket service>create screening movie room "2012-12-12 23:02:00"
1670008727729:create screening movie room "2012-12-12 23:12:00"
1670008735176:create screening movie room "2012-12-12 23:02:00"
1670008746856:create screening movie room "2012-12-12 23:28:00"
1670008772016:create screening movie room "2012-12-12 23:38:00"
1670008817177:delete screening movie room "2012-12-12 23:12:00"
1670009025578:sign in privileged
1670009036457:sign in privileged admin admin
1670009043889:create movie genre 12
1670009056681:create movie movie genre 12
1670009072248:create room room 12 32
1670009111354:create screening movie room "2020-12-12 23:30:00"
1670009133610:create screening movie room "2020-12-12 23:42:00"
1670009139833:create screening movie room "2020-12-12 23:43:00"
1670009176577:create screening movie room "2020-12-12 23:09:00"
1670009182946:create screening movie room "2020-12-12 23:08:00"
1670009189026:create screening movie room "2020-12-12 23:07:00"
1670012702658:sign in privilged admin admin
1670012716256:sign in privileged admin admin
1670012733368:create movie movie genre 15
1670012743647:create room room 12 5
1670012767628:create screening movie room "2020-02-22 23:30:00"
1670012780422:create screening movie room "2020-02-22 23:14:00"
1670012792697:create screening movie room "2020-02-22 23:05:00"
1670012798392:create screening movie room "2020-02-22 23:04:00"
1670012805329:create screening movie room "2020-02-22 23:45:00"
1670012813984:create screening movie room "2020-02-22 23:36:00"
1670012821212:create screening movie room "2020-02-22 23:46:00"
1670012827980:create screening movie room "2020-02-22 23:55:00"
1670012834313:create screening movie room "2020-02-22 23:56:00"
1670012923626:sign in privileged admin admin
1670012940425:create movie movie genre 15
1670012945865:create room 15 4
1670012954896:create room room 15 4
1670012960542:create screening movie room "2020-02-22 23:30:00"
1670012966930:create screening movie room "2020-02-22 23:15:00"
1670012984242:create screening movie room "2020-02-22 23:05:00"
1670013101179:sign in privileged admin admin
1670013114024:create movie movie genre 15
1670013121051:create room room 15 4
1670013159606:create screening movie room "2020-02-22 23:30:00"
1670013178914:create screening movie room "2020-02-22 23:15:00"
1670013185060:create screening movie room "2020-02-22 23:05:00"
1670013206065:create screening movie room "2020-02-22 23:55:00"
1670013212673:create screening movie room "2020-02-22 23:56:00"
1670013220906:create screening movie room "2020-02-22 23:04:00"
1670013261569:list screenings
1670169322795:sign in admin admin
1670169338395:sign in privileged admin admin
1670169357127:create movie movie genre 15
1670169365814:create room room 10 10
1670169378588:exit
